2026-06-21 15:21:14,906 - aqt.main - INFO - installer 2191076 aqtinstall(aqt) v3.3.0 on Python 3.12.1 [CPython MSC v.1937 64 bit (AMD64)]
2026-06-21 15:21:24,761 - aqt.main - INFO - installer 2199820 aqtinstall(aqt) v3.3.0 on Python 3.12.1 [CPython MSC v.1937 64 bit (AMD64)]
2026-06-21 15:21:24,762 - aqt.helper - DEBUG - helper 2199820 Attempt to download checksum at https://download.qt.io/online/qtsdkrepository/windows_x86/desktop/qt6_672/Updates.xml.sha256
2026-06-21 15:21:27,556 - aqt.helper - DEBUG - helper 2199208 Attempt to download checksum at https://download.qt.io/online/qtsdkrepository/windows_x86/desktop/qt6_672/qt.qt6.672.win64_msvc2019_64/6.7.2-0-202406110335qtbase-Windows-Windows_10_22H2-MSVC2019-Windows-Windows_10_22H2-X86_64.7z.sha256
2026-06-21 15:21:27,562 - aqt.helper - DEBUG - helper 2185984 Attempt to download checksum at https://download.qt.io/online/qtsdkrepository/windows_x86/desktop/qt6_672/qt.qt6.672.win64_msvc2019_64/6.7.2-0-202406110335qtsvg-Windows-Windows_10_22H2-MSVC2019-Windows-Windows_10_22H2-X86_64.7z.sha256
2026-06-21 15:21:27,570 - aqt.helper - DEBUG - helper 2198792 Attempt to download checksum at https://download.qt.io/online/qtsdkrepository/windows_x86/desktop/qt6_672/qt.qt6.672.win64_msvc2019_64/6.7.2-0-202406110335qtdeclarative-Windows-Windows_10_22H2-MSVC2019-Windows-Windows_10_22H2-X86_64.7z.sha256
2026-06-21 15:21:27,593 - aqt.helper - DEBUG - helper 2199792 Attempt to download checksum at https://download.qt.io/online/qtsdkrepository/windows_x86/desktop/qt6_672/qt.qt6.672.win64_msvc2019_64/6.7.2-0-202406110335qttools-Windows-Windows_10_22H2-MSVC2019-Windows-Windows_10_22H2-X86_64.7z.sha256
2026-06-21 15:21:28,918 - aqt.helper - INFO - helper 2199792 Downloading qttools...
2026-06-21 15:21:28,918 - aqt.installer - DEBUG - installer 2199792 Download URL: https://download.qt.io/online/qtsdkrepository/windows_x86/desktop/qt6_672/qt.qt6.672.win64_msvc2019_64/6.7.2-0-202406110335qttools-Windows-Windows_10_22H2-MSVC2019-Windows-Windows_10_22H2-X86_64.7z
2026-06-21 15:21:28,926 - aqt.helper - INFO - helper 2198792 Downloading qtdeclarative...
2026-06-21 15:21:28,926 - aqt.installer - DEBUG - installer 2198792 Download URL: https://download.qt.io/online/qtsdkrepository/windows_x86/desktop/qt6_672/qt.qt6.672.win64_msvc2019_64/6.7.2-0-202406110335qtdeclarative-Windows-Windows_10_22H2-MSVC2019-Windows-Windows_10_22H2-X86_64.7z
2026-06-21 15:21:28,950 - aqt.helper - INFO - helper 2199208 Downloading qtbase...
2026-06-21 15:21:28,950 - aqt.installer - DEBUG - installer 2199208 Download URL: https://download.qt.io/online/qtsdkrepository/windows_x86/desktop/qt6_672/qt.qt6.672.win64_msvc2019_64/6.7.2-0-202406110335qtbase-Windows-Windows_10_22H2-MSVC2019-Windows-Windows_10_22H2-X86_64.7z
2026-06-21 15:21:28,953 - aqt.helper - INFO - helper 2185984 Downloading qtsvg...
2026-06-21 15:21:28,953 - aqt.installer - DEBUG - installer 2185984 Download URL: https://download.qt.io/online/qtsdkrepository/windows_x86/desktop/qt6_672/qt.qt6.672.win64_msvc2019_64/6.7.2-0-202406110335qtsvg-Windows-Windows_10_22H2-MSVC2019-Windows-Windows_10_22H2-X86_64.7z
2026-06-21 15:21:30,109 - aqt.helper - DEBUG - helper 2185984 Asked to redirect(302) to: https://ftp.fau.de/qtproject/online/qtsdkrepository/windows_x86/desktop/qt6_672/qt.qt6.672.win64_msvc2019_64/6.7.2-0-202406110335qtsvg-Windows-Windows_10_22H2-MSVC2019-Windows-Windows_10_22H2-X86_64.7z
2026-06-21 15:21:30,109 - aqt.helper - INFO - helper 2185984 Redirected: ftp.fau.de
2026-06-21 15:21:30,116 - aqt.helper - DEBUG - helper 2199792 Asked to redirect(302) to: https://ftp.fau.de/qtproject/online/qtsdkrepository/windows_x86/desktop/qt6_672/qt.qt6.672.win64_msvc2019_64/6.7.2-0-202406110335qttools-Windows-Windows_10_22H2-MSVC2019-Windows-Windows_10_22H2-X86_64.7z
2026-06-21 15:21:30,117 - aqt.helper - INFO - helper 2199792 Redirected: ftp.fau.de
2026-06-21 15:21:30,118 - aqt.helper - DEBUG - helper 2198792 Asked to redirect(302) to: https://ftp.fau.de/qtproject/online/qtsdkrepository/windows_x86/desktop/qt6_672/qt.qt6.672.win64_msvc2019_64/6.7.2-0-202406110335qtdeclarative-Windows-Windows_10_22H2-MSVC2019-Windows-Windows_10_22H2-X86_64.7z
2026-06-21 15:21:30,118 - aqt.helper - INFO - helper 2198792 Redirected: ftp.fau.de
2026-06-21 15:21:30,155 - aqt.helper - DEBUG - helper 2199208 Asked to redirect(302) to: https://ftp.fau.de/qtproject/online/qtsdkrepository/windows_x86/desktop/qt6_672/qt.qt6.672.win64_msvc2019_64/6.7.2-0-202406110335qtbase-Windows-Windows_10_22H2-MSVC2019-Windows-Windows_10_22H2-X86_64.7z
2026-06-21 15:21:30,155 - aqt.helper - INFO - helper 2199208 Redirected: ftp.fau.de
2026-06-21 15:21:31,809 - aqt.installer - INFO - installer 2185984 Finished installation of qtsvg-Windows-Windows_10_22H2-MSVC2019-Windows-Windows_10_22H2-X86_64.7z in 4.25434400
2026-06-21 15:21:31,825 - aqt.helper - DEBUG - helper 2185984 Attempt to download checksum at https://download.qt.io/online/qtsdkrepository/windows_x86/desktop/qt6_672/qt.qt6.672.win64_msvc2019_64/6.7.2-0-202406110335qttranslations-Windows-Windows_10_22H2-MSVC2019-Windows-Windows_10_22H2-X86_64.7z.sha256
2026-06-21 15:21:32,966 - aqt.helper - INFO - helper 2185984 Downloading qttranslations...
2026-06-21 15:21:32,966 - aqt.installer - DEBUG - installer 2185984 Download URL: https://download.qt.io/online/qtsdkrepository/windows_x86/desktop/qt6_672/qt.qt6.672.win64_msvc2019_64/6.7.2-0-202406110335qttranslations-Windows-Windows_10_22H2-MSVC2019-Windows-Windows_10_22H2-X86_64.7z
2026-06-21 15:21:34,135 - aqt.helper - DEBUG - helper 2185984 Asked to redirect(302) to: https://ftp.fau.de/qtproject/online/qtsdkrepository/windows_x86/desktop/qt6_672/qt.qt6.672.win64_msvc2019_64/6.7.2-0-202406110335qttranslations-Windows-Windows_10_22H2-MSVC2019-Windows-Windows_10_22H2-X86_64.7z
2026-06-21 15:21:34,135 - aqt.helper - INFO - helper 2185984 Redirected: ftp.fau.de
2026-06-21 15:21:36,731 - aqt.installer - INFO - installer 2185984 Finished installation of qttranslations-Windows-Windows_10_22H2-MSVC2019-Windows-Windows_10_22H2-X86_64.7z in 4.90883340
2026-06-21 15:21:36,743 - aqt.helper - DEBUG - helper 2185984 Attempt to download checksum at https://download.qt.io/online/qtsdkrepository/windows_x86/desktop/qt6_672/qt.qt6.672.win64_msvc2019_64/6.7.2-0-202406110335d3dcompiler_47-x64.7z.sha256
2026-06-21 15:21:37,795 - aqt.helper - INFO - helper 2185984 Downloading d3dcompiler_47...
2026-06-21 15:21:37,796 - aqt.installer - DEBUG - installer 2185984 Download URL: https://download.qt.io/online/qtsdkrepository/windows_x86/desktop/qt6_672/qt.qt6.672.win64_msvc2019_64/6.7.2-0-202406110335d3dcompiler_47-x64.7z
2026-06-21 15:21:38,882 - aqt.helper - DEBUG - helper 2185984 Asked to redirect(302) to: https://ftp.fau.de/qtproject/online/qtsdkrepository/windows_x86/desktop/qt6_672/qt.qt6.672.win64_msvc2019_64/6.7.2-0-202406110335d3dcompiler_47-x64.7z
2026-06-21 15:21:38,882 - aqt.helper - INFO - helper 2185984 Redirected: ftp.fau.de
2026-06-21 15:21:40,606 - aqt.installer - INFO - installer 2185984 Finished installation of d3dcompiler_47-x64.7z in 3.86519380
2026-06-21 15:21:40,619 - aqt.helper - DEBUG - helper 2185984 Attempt to download checksum at https://download.qt.io/online/qtsdkrepository/windows_x86/desktop/qt6_672/qt.qt6.672.win64_msvc2019_64/6.7.2-0-202406110335opengl32sw-64-mesa_11_2_2-signed_sha256.7z.sha256
2026-06-21 15:21:41,693 - aqt.helper - INFO - helper 2185984 Downloading opengl32sw...
2026-06-21 15:21:41,693 - aqt.installer - DEBUG - installer 2185984 Download URL: https://download.qt.io/online/qtsdkrepository/windows_x86/desktop/qt6_672/qt.qt6.672.win64_msvc2019_64/6.7.2-0-202406110335opengl32sw-64-mesa_11_2_2-signed_sha256.7z
2026-06-21 15:21:42,779 - aqt.helper - DEBUG - helper 2185984 Asked to redirect(302) to: https://ftp.fau.de/qtproject/online/qtsdkrepository/windows_x86/desktop/qt6_672/qt.qt6.672.win64_msvc2019_64/6.7.2-0-202406110335opengl32sw-64-mesa_11_2_2-signed_sha256.7z
2026-06-21 15:21:42,779 - aqt.helper - INFO - helper 2185984 Redirected: ftp.fau.de
2026-06-21 15:21:45,652 - aqt.installer - INFO - installer 2185984 Finished installation of opengl32sw-64-mesa_11_2_2-signed_sha256.7z in 5.03473220
2026-06-21 15:21:46,238 - aqt.installer - INFO - installer 2199792 Finished installation of qttools-Windows-Windows_10_22H2-MSVC2019-Windows-Windows_10_22H2-X86_64.7z in 18.64936330
2026-06-21 15:22:01,564 - aqt.installer - INFO - installer 2199208 Finished installation of qtbase-Windows-Windows_10_22H2-MSVC2019-Windows-Windows_10_22H2-X86_64.7z in 34.01136790
2026-06-21 15:22:28,271 - aqt.installer - INFO - installer 2198792 Finished installation of qtdeclarative-Windows-Windows_10_22H2-MSVC2019-Windows-Windows_10_22H2-X86_64.7z in 60.70387440
2026-06-21 15:22:28,496 - aqt.updater - INFO - updater 2199820 Patching C:\Qt\6.7.2\msvc2019_64\bin\qmake.exe
2026-06-21 15:22:28,503 - aqt.updater - INFO - updater 2199820 Patching C:\Qt\6.7.2\msvc2019_64\lib\Qt6Concurrent.prl
2026-06-21 15:22:28,504 - aqt.updater - INFO - updater 2199820 Patching C:\Qt\6.7.2\msvc2019_64\lib\Qt6Concurrentd.prl
2026-06-21 15:22:28,505 - aqt.updater - INFO - updater 2199820 Patching C:\Qt\6.7.2\msvc2019_64\lib\Qt6Core.prl
2026-06-21 15:22:28,506 - aqt.updater - INFO - updater 2199820 Patching C:\Qt\6.7.2\msvc2019_64\lib\Qt6Cored.prl
2026-06-21 15:22:28,507 - aqt.updater - INFO - updater 2199820 Patching C:\Qt\6.7.2\msvc2019_64\lib\Qt6DBus.prl
2026-06-21 15:22:28,508 - aqt.updater - INFO - updater 2199820 Patching C:\Qt\6.7.2\msvc2019_64\lib\Qt6DBusd.prl
2026-06-21 15:22:28,509 - aqt.updater - INFO - updater 2199820 Patching C:\Qt\6.7.2\msvc2019_64\lib\Qt6Designer.prl
2026-06-21 15:22:28,511 - aqt.updater - INFO - updater 2199820 Patching C:\Qt\6.7.2\msvc2019_64\lib\Qt6DesignerComponents.prl
2026-06-21 15:22:28,511 - aqt.updater - INFO - updater 2199820 Patching C:\Qt\6.7.2\msvc2019_64\lib\Qt6DesignerComponentsd.prl
2026-06-21 15:22:28,512 - aqt.updater - INFO - updater 2199820 Patching C:\Qt\6.7.2\msvc2019_64\lib\Qt6Designerd.prl
2026-06-21 15:22:28,513 - aqt.updater - INFO - updater 2199820 Patching C:\Qt\6.7.2\msvc2019_64\lib\Qt6DeviceDiscoverySupport.prl
2026-06-21 15:22:28,514 - aqt.updater - INFO - updater 2199820 Patching C:\Qt\6.7.2\msvc2019_64\lib\Qt6DeviceDiscoverySupportd.prl
2026-06-21 15:22:28,516 - aqt.updater - INFO - updater 2199820 Patching C:\Qt\6.7.2\msvc2019_64\lib\Qt6EntryPoint.prl
2026-06-21 15:22:28,518 - aqt.updater - INFO - updater 2199820 Patching C:\Qt\6.7.2\msvc2019_64\lib\Qt6EntryPointd.prl
2026-06-21 15:22:28,519 - aqt.updater - INFO - updater 2199820 Patching C:\Qt\6.7.2\msvc2019_64\lib\Qt6ExampleIcons.prl
2026-06-21 15:22:28,520 - aqt.updater - INFO - updater 2199820 Patching C:\Qt\6.7.2\msvc2019_64\lib\Qt6ExampleIconsd.prl
2026-06-21 15:22:28,521 - aqt.updater - INFO - updater 2199820 Patching C:\Qt\6.7.2\msvc2019_64\lib\Qt6FbSupport.prl
2026-06-21 15:22:28,522 - aqt.updater - INFO - updater 2199820 Patching C:\Qt\6.7.2\msvc2019_64\lib\Qt6FbSupportd.prl
2026-06-21 15:22:28,523 - aqt.updater - INFO - updater 2199820 Patching C:\Qt\6.7.2\msvc2019_64\lib\Qt6Gui.prl
2026-06-21 15:22:28,524 - aqt.updater - INFO - updater 2199820 Patching C:\Qt\6.7.2\msvc2019_64\lib\Qt6Guid.prl
2026-06-21 15:22:28,525 - aqt.updater - INFO - updater 2199820 Patching C:\Qt\6.7.2\msvc2019_64\lib\Qt6Help.prl
2026-06-21 15:22:28,525 - aqt.updater - INFO - updater 2199820 Patching C:\Qt\6.7.2\msvc2019_64\lib\Qt6Helpd.prl
2026-06-21 15:22:28,526 - aqt.updater - INFO - updater 2199820 Patching C:\Qt\6.7.2\msvc2019_64\lib\Qt6LabsAnimation.prl
2026-06-21 15:22:28,527 - aqt.updater - INFO - updater 2199820 Patching C:\Qt\6.7.2\msvc2019_64\lib\Qt6LabsAnimationd.prl
2026-06-21 15:22:28,528 - aqt.updater - INFO - updater 2199820 Patching C:\Qt\6.7.2\msvc2019_64\lib\Qt6LabsFolderListModel.prl
2026-06-21 15:22:28,529 - aqt.updater - INFO - updater 2199820 Patching C:\Qt\6.7.2\msvc2019_64\lib\Qt6LabsFolderListModeld.prl
2026-06-21 15:22:28,530 - aqt.updater - INFO - updater 2199820 Patching C:\Qt\6.7.2\msvc2019_64\lib\Qt6LabsQmlModels.prl
2026-06-21 15:22:28,531 - aqt.updater - INFO - updater 2199820 Patching C:\Qt\6.7.2\msvc2019_64\lib\Qt6LabsQmlModelsd.prl
2026-06-21 15:22:28,531 - aqt.updater - INFO - updater 2199820 Patching C:\Qt\6.7.2\msvc2019_64\lib\Qt6LabsSettings.prl
2026-06-21 15:22:28,533 - aqt.updater - INFO - updater 2199820 Patching C:\Qt\6.7.2\msvc2019_64\lib\Qt6LabsSettingsd.prl
2026-06-21 15:22:28,534 - aqt.updater - INFO - updater 2199820 Patching C:\Qt\6.7.2\msvc2019_64\lib\Qt6LabsSharedImage.prl
2026-06-21 15:22:28,535 - aqt.updater - INFO - updater 2199820 Patching C:\Qt\6.7.2\msvc2019_64\lib\Qt6LabsSharedImaged.prl
2026-06-21 15:22:28,536 - aqt.updater - INFO - updater 2199820 Patching C:\Qt\6.7.2\msvc2019_64\lib\Qt6LabsWavefrontMesh.prl
2026-06-21 15:22:28,537 - aqt.updater - INFO - updater 2199820 Patching C:\Qt\6.7.2\msvc2019_64\lib\Qt6LabsWavefrontMeshd.prl
2026-06-21 15:22:28,538 - aqt.updater - INFO - updater 2199820 Patching C:\Qt\6.7.2\msvc2019_64\lib\Qt6Network.prl
2026-06-21 15:22:28,539 - aqt.updater - INFO - updater 2199820 Patching C:\Qt\6.7.2\msvc2019_64\lib\Qt6Networkd.prl
2026-06-21 15:22:28,540 - aqt.updater - INFO - updater 2199820 Patching C:\Qt\6.7.2\msvc2019_64\lib\Qt6OpenGL.prl
2026-06-21 15:22:28,541 - aqt.updater - INFO - updater 2199820 Patching C:\Qt\6.7.2\msvc2019_64\lib\Qt6OpenGLd.prl
2026-06-21 15:22:28,542 - aqt.updater - INFO - updater 2199820 Patching C:\Qt\6.7.2\msvc2019_64\lib\Qt6OpenGLWidgets.prl
2026-06-21 15:22:28,543 - aqt.updater - INFO - updater 2199820 Patching C:\Qt\6.7.2\msvc2019_64\lib\Qt6OpenGLWidgetsd.prl
2026-06-21 15:22:28,544 - aqt.updater - INFO - updater 2199820 Patching C:\Qt\6.7.2\msvc2019_64\lib\Qt6PacketProtocol.prl
2026-06-21 15:22:28,545 - aqt.updater - INFO - updater 2199820 Patching C:\Qt\6.7.2\msvc2019_64\lib\Qt6PacketProtocold.prl
2026-06-21 15:22:28,546 - aqt.updater - INFO - updater 2199820 Patching C:\Qt\6.7.2\msvc2019_64\lib\Qt6PrintSupport.prl
2026-06-21 15:22:28,547 - aqt.updater - INFO - updater 2199820 Patching C:\Qt\6.7.2\msvc2019_64\lib\Qt6PrintSupportd.prl
2026-06-21 15:22:28,548 - aqt.updater - INFO - updater 2199820 Patching C:\Qt\6.7.2\msvc2019_64\lib\Qt6Qml.prl
2026-06-21 15:22:28,550 - aqt.updater - INFO - updater 2199820 Patching C:\Qt\6.7.2\msvc2019_64\lib\Qt6QmlBuiltins.prl
2026-06-21 15:22:28,550 - aqt.updater - INFO - updater 2199820 Patching C:\Qt\6.7.2\msvc2019_64\lib\Qt6QmlBuiltinsd.prl
2026-06-21 15:22:28,551 - aqt.updater - INFO - updater 2199820 Patching C:\Qt\6.7.2\msvc2019_64\lib\Qt6QmlCompiler.prl
2026-06-21 15:22:28,552 - aqt.updater - INFO - updater 2199820 Patching C:\Qt\6.7.2\msvc2019_64\lib\Qt6QmlCompilerd.prl
2026-06-21 15:22:28,553 - aqt.updater - INFO - updater 2199820 Patching C:\Qt\6.7.2\msvc2019_64\lib\Qt6QmlCore.prl
2026-06-21 15:22:28,554 - aqt.updater - INFO - updater 2199820 Patching C:\Qt\6.7.2\msvc2019_64\lib\Qt6QmlCored.prl
2026-06-21 15:22:28,556 - aqt.updater - INFO - updater 2199820 Patching C:\Qt\6.7.2\msvc2019_64\lib\Qt6Qmld.prl
2026-06-21 15:22:28,557 - aqt.updater - INFO - updater 2199820 Patching C:\Qt\6.7.2\msvc2019_64\lib\Qt6QmlDebug.prl
2026-06-21 15:22:28,558 - aqt.updater - INFO - updater 2199820 Patching C:\Qt\6.7.2\msvc2019_64\lib\Qt6QmlDebugd.prl
2026-06-21 15:22:28,559 - aqt.updater - INFO - updater 2199820 Patching C:\Qt\6.7.2\msvc2019_64\lib\Qt6QmlDom.prl
2026-06-21 15:22:28,560 - aqt.updater - INFO - updater 2199820 Patching C:\Qt\6.7.2\msvc2019_64\lib\Qt6QmlDomd.prl
2026-06-21 15:22:28,561 - aqt.updater - INFO - updater 2199820 Patching C:\Qt\6.7.2\msvc2019_64\lib\Qt6QmlLocalStorage.prl
2026-06-21 15:22:28,562 - aqt.updater - INFO - updater 2199820 Patching C:\Qt\6.7.2\msvc2019_64\lib\Qt6QmlLocalStoraged.prl
2026-06-21 15:22:28,562 - aqt.updater - INFO - updater 2199820 Patching C:\Qt\6.7.2\msvc2019_64\lib\Qt6QmlLS.prl
2026-06-21 15:22:28,566 - aqt.updater - INFO - updater 2199820 Patching C:\Qt\6.7.2\msvc2019_64\lib\Qt6QmlLSd.prl
2026-06-21 15:22:28,567 - aqt.updater - INFO - updater 2199820 Patching C:\Qt\6.7.2\msvc2019_64\lib\Qt6QmlModels.prl
2026-06-21 15:22:28,568 - aqt.updater - INFO - updater 2199820 Patching C:\Qt\6.7.2\msvc2019_64\lib\Qt6QmlModelsd.prl
2026-06-21 15:22:28,569 - aqt.updater - INFO - updater 2199820 Patching C:\Qt\6.7.2\msvc2019_64\lib\Qt6QmlNetwork.prl
2026-06-21 15:22:28,571 - aqt.updater - INFO - updater 2199820 Patching C:\Qt\6.7.2\msvc2019_64\lib\Qt6QmlNetworkd.prl
2026-06-21 15:22:28,572 - aqt.updater - INFO - updater 2199820 Patching C:\Qt\6.7.2\msvc2019_64\lib\Qt6QmlToolingSettings.prl
2026-06-21 15:22:28,573 - aqt.updater - INFO - updater 2199820 Patching C:\Qt\6.7.2\msvc2019_64\lib\Qt6QmlToolingSettingsd.prl
2026-06-21 15:22:28,575 - aqt.updater - INFO - updater 2199820 Patching C:\Qt\6.7.2\msvc2019_64\lib\Qt6QmlTypeRegistrar.prl
2026-06-21 15:22:28,576 - aqt.updater - INFO - updater 2199820 Patching C:\Qt\6.7.2\msvc2019_64\lib\Qt6QmlTypeRegistrard.prl
2026-06-21 15:22:28,577 - aqt.updater - INFO - updater 2199820 Patching C:\Qt\6.7.2\msvc2019_64\lib\Qt6QmlWorkerScript.prl
2026-06-21 15:22:28,578 - aqt.updater - INFO - updater 2199820 Patching C:\Qt\6.7.2\msvc2019_64\lib\Qt6QmlWorkerScriptd.prl
2026-06-21 15:22:28,579 - aqt.updater - INFO - updater 2199820 Patching C:\Qt\6.7.2\msvc2019_64\lib\Qt6QmlXmlListModel.prl
2026-06-21 15:22:28,580 - aqt.updater - INFO - updater 2199820 Patching C:\Qt\6.7.2\msvc2019_64\lib\Qt6QmlXmlListModeld.prl
2026-06-21 15:22:28,581 - aqt.updater - INFO - updater 2199820 Patching C:\Qt\6.7.2\msvc2019_64\lib\Qt6Quick.prl
2026-06-21 15:22:28,582 - aqt.updater - INFO - updater 2199820 Patching C:\Qt\6.7.2\msvc2019_64\lib\Qt6QuickControls2.prl
2026-06-21 15:22:28,583 - aqt.updater - INFO - updater 2199820 Patching C:\Qt\6.7.2\msvc2019_64\lib\Qt6QuickControls2Basic.prl
2026-06-21 15:22:28,584 - aqt.updater - INFO - updater 2199820 Patching C:\Qt\6.7.2\msvc2019_64\lib\Qt6QuickControls2Basicd.prl
2026-06-21 15:22:28,585 - aqt.updater - INFO - updater 2199820 Patching C:\Qt\6.7.2\msvc2019_64\lib\Qt6QuickControls2BasicStyleImpl.prl
2026-06-21 15:22:28,586 - aqt.updater - INFO - updater 2199820 Patching C:\Qt\6.7.2\msvc2019_64\lib\Qt6QuickControls2BasicStyleImpld.prl
2026-06-21 15:22:28,587 - aqt.updater - INFO - updater 2199820 Patching C:\Qt\6.7.2\msvc2019_64\lib\Qt6QuickControls2d.prl
2026-06-21 15:22:28,588 - aqt.updater - INFO - updater 2199820 Patching C:\Qt\6.7.2\msvc2019_64\lib\Qt6QuickControls2Fusion.prl
2026-06-21 15:22:28,589 - aqt.updater - INFO - updater 2199820 Patching C:\Qt\6.7.2\msvc2019_64\lib\Qt6QuickControls2Fusiond.prl
2026-06-21 15:22:28,590 - aqt.updater - INFO - updater 2199820 Patching C:\Qt\6.7.2\msvc2019_64\lib\Qt6QuickControls2FusionStyleImpl.prl
2026-06-21 15:22:28,591 - aqt.updater - INFO - updater 2199820 Patching C:\Qt\6.7.2\msvc2019_64\lib\Qt6QuickControls2FusionStyleImpld.prl
2026-06-21 15:22:28,592 - aqt.updater - INFO - updater 2199820 Patching C:\Qt\6.7.2\msvc2019_64\lib\Qt6QuickControls2Imagine.prl
2026-06-21 15:22:28,593 - aqt.updater - INFO - updater 2199820 Patching C:\Qt\6.7.2\msvc2019_64\lib\Qt6QuickControls2Imagined.prl
2026-06-21 15:22:28,595 - aqt.updater - INFO - updater 2199820 Patching C:\Qt\6.7.2\msvc2019_64\lib\Qt6QuickControls2ImagineStyleImpl.prl
2026-06-21 15:22:28,596 - aqt.updater - INFO - updater 2199820 Patching C:\Qt\6.7.2\msvc2019_64\lib\Qt6QuickControls2ImagineStyleImpld.prl
2026-06-21 15:22:28,598 - aqt.updater - INFO - updater 2199820 Patching C:\Qt\6.7.2\msvc2019_64\lib\Qt6QuickControls2Impl.prl
2026-06-21 15:22:28,599 - aqt.updater - INFO - updater 2199820 Patching C:\Qt\6.7.2\msvc2019_64\lib\Qt6QuickControls2Impld.prl
2026-06-21 15:22:28,599 - aqt.updater - INFO - updater 2199820 Patching C:\Qt\6.7.2\msvc2019_64\lib\Qt6QuickControls2Material.prl
2026-06-21 15:22:28,600 - aqt.updater - INFO - updater 2199820 Patching C:\Qt\6.7.2\msvc2019_64\lib\Qt6QuickControls2Materiald.prl
2026-06-21 15:22:28,601 - aqt.updater - INFO - updater 2199820 Patching C:\Qt\6.7.2\msvc2019_64\lib\Qt6QuickControls2MaterialStyleImpl.prl
2026-06-21 15:22:28,602 - aqt.updater - INFO - updater 2199820 Patching C:\Qt\6.7.2\msvc2019_64\lib\Qt6QuickControls2MaterialStyleImpld.prl
2026-06-21 15:22:28,603 - aqt.updater - INFO - updater 2199820 Patching C:\Qt\6.7.2\msvc2019_64\lib\Qt6QuickControls2Universal.prl
2026-06-21 15:22:28,604 - aqt.updater - INFO - updater 2199820 Patching C:\Qt\6.7.2\msvc2019_64\lib\Qt6QuickControls2Universald.prl
2026-06-21 15:22:28,605 - aqt.updater - INFO - updater 2199820 Patching C:\Qt\6.7.2\msvc2019_64\lib\Qt6QuickControls2UniversalStyleImpl.prl
2026-06-21 15:22:28,606 - aqt.updater - INFO - updater 2199820 Patching C:\Qt\6.7.2\msvc2019_64\lib\Qt6QuickControls2UniversalStyleImpld.prl
2026-06-21 15:22:28,607 - aqt.updater - INFO - updater 2199820 Patching C:\Qt\6.7.2\msvc2019_64\lib\Qt6QuickControls2WindowsStyleImpl.prl
2026-06-21 15:22:28,608 - aqt.updater - INFO - updater 2199820 Patching C:\Qt\6.7.2\msvc2019_64\lib\Qt6QuickControls2WindowsStyleImpld.prl
2026-06-21 15:22:28,610 - aqt.updater - INFO - updater 2199820 Patching C:\Qt\6.7.2\msvc2019_64\lib\Qt6QuickControlsTestUtils.prl
2026-06-21 15:22:28,611 - aqt.updater - INFO - updater 2199820 Patching C:\Qt\6.7.2\msvc2019_64\lib\Qt6QuickControlsTestUtilsd.prl
2026-06-21 15:22:28,613 - aqt.updater - INFO - updater 2199820 Patching C:\Qt\6.7.2\msvc2019_64\lib\Qt6Quickd.prl
2026-06-21 15:22:28,614 - aqt.updater - INFO - updater 2199820 Patching C:\Qt\6.7.2\msvc2019_64\lib\Qt6QuickDialogs2.prl
2026-06-21 15:22:28,615 - aqt.updater - INFO - updater 2199820 Patching C:\Qt\6.7.2\msvc2019_64\lib\Qt6QuickDialogs2d.prl
2026-06-21 15:22:28,616 - aqt.updater - INFO - updater 2199820 Patching C:\Qt\6.7.2\msvc2019_64\lib\Qt6QuickDialogs2QuickImpl.prl
2026-06-21 15:22:28,617 - aqt.updater - INFO - updater 2199820 Patching C:\Qt\6.7.2\msvc2019_64\lib\Qt6QuickDialogs2QuickImpld.prl
2026-06-21 15:22:28,618 - aqt.updater - INFO - updater 2199820 Patching C:\Qt\6.7.2\msvc2019_64\lib\Qt6QuickDialogs2Utils.prl
2026-06-21 15:22:28,619 - aqt.updater - INFO - updater 2199820 Patching C:\Qt\6.7.2\msvc2019_64\lib\Qt6QuickDialogs2Utilsd.prl
2026-06-21 15:22:28,619 - aqt.updater - INFO - updater 2199820 Patching C:\Qt\6.7.2\msvc2019_64\lib\Qt6QuickEffects.prl
2026-06-21 15:22:28,622 - aqt.updater - INFO - updater 2199820 Patching C:\Qt\6.7.2\msvc2019_64\lib\Qt6QuickEffectsd.prl
2026-06-21 15:22:28,623 - aqt.updater - INFO - updater 2199820 Patching C:\Qt\6.7.2\msvc2019_64\lib\Qt6QuickLayouts.prl
2026-06-21 15:22:28,624 - aqt.updater - INFO - updater 2199820 Patching C:\Qt\6.7.2\msvc2019_64\lib\Qt6QuickLayoutsd.prl
2026-06-21 15:22:28,624 - aqt.updater - INFO - updater 2199820 Patching C:\Qt\6.7.2\msvc2019_64\lib\Qt6QuickParticles.prl
2026-06-21 15:22:28,625 - aqt.updater - INFO - updater 2199820 Patching C:\Qt\6.7.2\msvc2019_64\lib\Qt6QuickParticlesd.prl
2026-06-21 15:22:28,627 - aqt.updater - INFO - updater 2199820 Patching C:\Qt\6.7.2\msvc2019_64\lib\Qt6QuickShapes.prl
2026-06-21 15:22:28,628 - aqt.updater - INFO - updater 2199820 Patching C:\Qt\6.7.2\msvc2019_64\lib\Qt6QuickShapesd.prl
2026-06-21 15:22:28,629 - aqt.updater - INFO - updater 2199820 Patching C:\Qt\6.7.2\msvc2019_64\lib\Qt6QuickTemplates2.prl
2026-06-21 15:22:28,630 - aqt.updater - INFO - updater 2199820 Patching C:\Qt\6.7.2\msvc2019_64\lib\Qt6QuickTemplates2d.prl
2026-06-21 15:22:28,631 - aqt.updater - INFO - updater 2199820 Patching C:\Qt\6.7.2\msvc2019_64\lib\Qt6QuickTest.prl
2026-06-21 15:22:28,632 - aqt.updater - INFO - updater 2199820 Patching C:\Qt\6.7.2\msvc2019_64\lib\Qt6QuickTestd.prl
2026-06-21 15:22:28,633 - aqt.updater - INFO - updater 2199820 Patching C:\Qt\6.7.2\msvc2019_64\lib\Qt6QuickTestUtils.prl
2026-06-21 15:22:28,634 - aqt.updater - INFO - updater 2199820 Patching C:\Qt\6.7.2\msvc2019_64\lib\Qt6QuickTestUtilsd.prl
2026-06-21 15:22:28,635 - aqt.updater - INFO - updater 2199820 Patching C:\Qt\6.7.2\msvc2019_64\lib\Qt6QuickWidgets.prl
2026-06-21 15:22:28,636 - aqt.updater - INFO - updater 2199820 Patching C:\Qt\6.7.2\msvc2019_64\lib\Qt6QuickWidgetsd.prl
2026-06-21 15:22:28,638 - aqt.updater - INFO - updater 2199820 Patching C:\Qt\6.7.2\msvc2019_64\lib\Qt6Sql.prl
2026-06-21 15:22:28,639 - aqt.updater - INFO - updater 2199820 Patching C:\Qt\6.7.2\msvc2019_64\lib\Qt6Sqld.prl
2026-06-21 15:22:28,640 - aqt.updater - INFO - updater 2199820 Patching C:\Qt\6.7.2\msvc2019_64\lib\Qt6Svg.prl
2026-06-21 15:22:28,641 - aqt.updater - INFO - updater 2199820 Patching C:\Qt\6.7.2\msvc2019_64\lib\Qt6Svgd.prl
2026-06-21 15:22:28,642 - aqt.updater - INFO - updater 2199820 Patching C:\Qt\6.7.2\msvc2019_64\lib\Qt6SvgWidgets.prl
2026-06-21 15:22:28,644 - aqt.updater - INFO - updater 2199820 Patching C:\Qt\6.7.2\msvc2019_64\lib\Qt6SvgWidgetsd.prl
2026-06-21 15:22:28,645 - aqt.updater - INFO - updater 2199820 Patching C:\Qt\6.7.2\msvc2019_64\lib\Qt6Test.prl
2026-06-21 15:22:28,646 - aqt.updater - INFO - updater 2199820 Patching C:\Qt\6.7.2\msvc2019_64\lib\Qt6Testd.prl
2026-06-21 15:22:28,647 - aqt.updater - INFO - updater 2199820 Patching C:\Qt\6.7.2\msvc2019_64\lib\Qt6UiTools.prl
2026-06-21 15:22:28,648 - aqt.updater - INFO - updater 2199820 Patching C:\Qt\6.7.2\msvc2019_64\lib\Qt6UiToolsd.prl
2026-06-21 15:22:28,649 - aqt.updater - INFO - updater 2199820 Patching C:\Qt\6.7.2\msvc2019_64\lib\Qt6Widgets.prl
2026-06-21 15:22:28,650 - aqt.updater - INFO - updater 2199820 Patching C:\Qt\6.7.2\msvc2019_64\lib\Qt6Widgetsd.prl
2026-06-21 15:22:28,651 - aqt.updater - INFO - updater 2199820 Patching C:\Qt\6.7.2\msvc2019_64\lib\Qt6Xml.prl
2026-06-21 15:22:28,652 - aqt.updater - INFO - updater 2199820 Patching C:\Qt\6.7.2\msvc2019_64\lib\Qt6Xmld.prl
2026-06-21 15:22:28,655 - aqt.main - INFO - installer 2199820 Finished installation
2026-06-21 15:22:28,655 - aqt.main - INFO - installer 2199820 Time elapsed: 63.89313600 second
